# JRE version: OpenJDK Runtime Environment Microsoft-8035246 (17.0.8+7) (build 17.0.8+7-LTS)
# Java VM: OpenJDK 64-Bit Server VM Microsoft-8035246 (17.0.8+7-LTS, mixed mode, sharing, tiered, compressed oops, compressed class ptrs, g1 gc, windows-amd64)
GC Precious Log:
 CPUs: 8 total, 8 available
 Memory: 15680M
 Large Page Support: Disabled
 NUMA Support: Disabled
 Compressed Oops: Enabled (32-bit)
 Heap Region Size: 1M
 Heap Min Capacity: 8M
 Heap Initial Capacity: 246M
 Heap Max Capacity: 2G
 Pre-touch: Disabled
 Parallel Workers: 8
 Concurrent Workers: 2
 Concurrent Refinement Workers: 8
 Periodic GC: Disabled
Heap:
 garbage-first heap   total 265216K, used 156672K [0x0000000080000000, 0x0000000100000000)
  region size 1024K, 14 young (14336K), 10 survivors (10240K)
 Metaspace       used 97542K, committed 98496K, reserved 557056K
  class space    used 13721K, committed 14144K, reserved 425984K
GC Heap History (20 events):
Event: 13.971 GC heap before
{Heap before GC invocations=46 (full 0):
 garbage-first heap   total 162816K, used 122182K [0x0000000080000000, 0x0000000100000000)
  region size 1024K, 39 young (39936K), 2 survivors (2048K)
 Metaspace       used 76672K, committed 77376K, reserved 557056K
  class space    used 10702K, committed 11008K, reserved 425984K
}
Event: 13.974 GC heap after
{Heap after GC invocations=47 (full 0):
 garbage-first heap   total 162816K, used 86219K [0x0000000080000000, 0x0000000100000000)
  region size 1024K, 4 young (4096K), 4 survivors (4096K)
 Metaspace       used 76672K, committed 77376K, reserved 557056K
  class space    used 10702K, committed 11008K, reserved 425984K
}
Event: 15.944 GC heap before
{Heap before GC invocations=47 (full 0):
 garbage-first heap   total 162816K, used 126155K [0x0000000080000000, 0x0000000100000000)
  region size 1024K, 43 young (44032K), 4 survivors (4096K)
 Metaspace       used 76941K, committed 77632K, reserved 557056K
  class space    used 10743K, committed 11072K, reserved 425984K
}
Event: 15.948 GC heap after
{Heap after GC invocations=48 (full 0):
 garbage-first heap   total 162816K, used 89617K [0x0000000080000000, 0x0000000100000000)
  region size 1024K, 6 young (6144K), 6 survivors (6144K)
 Metaspace       used 76941K, committed 77632K, reserved 557056K
  class space    used 10743K, committed 11072K, reserved 425984K
}
Event: 16.303 GC heap before
{Heap before GC invocations=49 (full 0):
 garbage-first heap   total 168960K, used 127505K [0x0000000080000000, 0x0000000100000000)
  region size 1024K, 43 young (44032K), 6 survivors (6144K)
 Metaspace       used 79027K, committed 79808K, reserved 557056K
  class space    used 11045K, committed 11392K, reserved 425984K
}
Event: 16.307 GC heap after
{Heap after GC invocations=50 (full 0):
 garbage-first heap   total 168960K, used 91250K [0x0000000080000000, 0x0000000100000000)
  region size 1024K, 2 young (2048K), 2 survivors (2048K)
 Metaspace       used 79027K, committed 79808K, reserved 557056K
  class space    used 11045K, committed 11392K, reserved 425984K
}
Event: 16.382 GC heap before
{Heap before GC invocations=50 (full 0):
 garbage-first heap   total 168960K, used 97394K [0x0000000080000000, 0x0000000100000000)
  region size 1024K, 8 young (8192K), 2 survivors (2048K)
 Metaspace       used 79447K, committed 80192K, reserved 557056K
  class space    used 11103K, committed 11456K, reserved 425984K
}
Event: 16.385 GC heap after
{Heap after GC invocations=51 (full 0):
 garbage-first heap   total 168960K, used 91390K [0x0000000080000000, 0x0000000100000000)
  region size 1024K, 1 young (1024K), 1 survivors (1024K)
 Metaspace       used 79447K, committed 80192K, reserved 557056K
  class space    used 11103K, committed 11456K, reserved 425984K
}
Event: 16.877 GC heap before
{Heap before GC invocations=51 (full 0):
 garbage-first heap   total 168960K, used 135422K [0x0000000080000000, 0x0000000100000000)
  region size 1024K, 43 young (44032K), 1 survivors (1024K)
 Metaspace       used 82386K, committed 83136K, reserved 557056K
  class space    used 11670K, committed 12032K, reserved 425984K
}
Event: 16.880 GC heap after
{Heap after GC invocations=52 (full 0):
 garbage-first heap   total 265216K, used 92352K [0x0000000080000000, 0x0000000100000000)
  region size 1024K, 2 young (2048K), 2 survivors (2048K)
 Metaspace       used 82386K, committed 83136K, reserved 557056K
  class space    used 11670K, committed 12032K, reserved 425984K
}
Event: 18.207 GC heap before
{Heap before GC invocations=53 (full 0):
 garbage-first heap   total 265216K, used 203968K [0x0000000080000000, 0x0000000100000000)
  region size 1024K, 107 young (109568K), 2 survivors (2048K)
 Metaspace       used 86592K, committed 87488K, reserved 557056K
  class space    used 12206K, committed 12608K, reserved 425984K
}
Event: 18.213 GC heap after
{Heap after GC invocations=54 (full 0):
 garbage-first heap   total 265216K, used 109374K [0x0000000080000000, 0x0000000100000000)
  region size 1024K, 14 young (14336K), 14 survivors (14336K)
 Metaspace       used 86592K, committed 87488K, reserved 557056K
  class space    used 12206K, committed 12608K, reserved 425984K
}
Event: 19.511 GC heap before
{Heap before GC invocations=54 (full 0):
 garbage-first heap   total 265216K, used 204606K [0x0000000080000000, 0x0000000100000000)
  region size 1024K, 106 young (108544K), 14 survivors (14336K)
 Metaspace       used 90546K, committed 91456K, reserved 557056K
  class space    used 12780K, committed 13184K, reserved 425984K
}
Event: 19.523 GC heap after
{Heap after GC invocations=55 (full 0):
 garbage-first heap   total 265216K, used 124370K [0x0000000080000000, 0x0000000100000000)
  region size 1024K, 14 young (14336K), 14 survivors (14336K)
 Metaspace       used 90546K, committed 91456K, reserved 557056K
  class space    used 12780K, committed 13184K, reserved 425984K
}
Event: 20.592 GC heap before
{Heap before GC invocations=55 (full 0):
 garbage-first heap   total 265216K, used 205266K [0x0000000080000000, 0x0000000100000000)
  region size 1024K, 93 young (95232K), 14 survivors (14336K)
 Metaspace       used 95418K, committed 96320K, reserved 557056K
  class space    used 13428K, committed 13824K, reserved 425984K
}
Event: 20.601 GC heap after
{Heap after GC invocations=56 (full 0):
 garbage-first heap   total 265216K, used 130588K [0x0000000080000000, 0x0000000100000000)
  region size 1024K, 7 young (7168K), 7 survivors (7168K)
 Metaspace       used 95418K, committed 96320K, reserved 557056K
  class space    used 13428K, committed 13824K, reserved 425984K
}
Event: 21.514 GC heap before
{Heap before GC invocations=56 (full 0):
 garbage-first heap   total 265216K, used 208412K [0x0000000080000000, 0x0000000100000000)
  region size 1024K, 84 young (86016K), 7 survivors (7168K)
 Metaspace       used 97048K, committed 98048K, reserved 557056K
  class space    used 13696K, committed 14144K, reserved 425984K
}
Event: 21.525 GC heap after
{Heap after GC invocations=57 (full 0):
 garbage-first heap   total 265216K, used 137931K [0x0000000080000000, 0x0000000100000000)
  region size 1024K, 7 young (7168K), 7 survivors (7168K)
 Metaspace       used 97048K, committed 98048K, reserved 557056K
  class space    used 13696K, committed 14144K, reserved 425984K
}
Event: 22.314 GC heap before
{Heap before GC invocations=57 (full 0):
 garbage-first heap   total 265216K, used 211659K [0x0000000080000000, 0x0000000100000000)
  region size 1024K, 80 young (81920K), 7 survivors (7168K)
 Metaspace       used 97222K, committed 98176K, reserved 557056K
  class space    used 13697K, committed 14144K, reserved 425984K
}
Event: 22.323 GC heap after
{Heap after GC invocations=58 (full 0):
 garbage-first heap   total 265216K, used 143208K [0x0000000080000000, 0x0000000100000000)
  region size 1024K, 6 young (6144K), 6 survivors (6144K)
 Metaspace       used 97222K, committed 98176K, reserved 557056K
  class space    used 13697K, committed 14144K, reserved 425984K
}

