# JRE version: OpenJDK Runtime Environment Microsoft-8035246 (17.0.8+7) (build 17.0.8+7-LTS)
# Java VM: OpenJDK 64-Bit Server VM Microsoft-8035246 (17.0.8+7-LTS, mixed mode, sharing, tiered, compressed oops, compressed class ptrs, g1 gc, windows-amd64)
GC Precious Log:
 CPUs: 8 total, 8 available
 Memory: 15680M
 Large Page Support: Disabled
 NUMA Support: Disabled
 Compressed Oops: Enabled (32-bit)
 Heap Region Size: 1M
 Heap Min Capacity: 8M
 Heap Initial Capacity: 246M
 Heap Max Capacity: 2G
 Pre-touch: Disabled
 Parallel Workers: 8
 Concurrent Workers: 2
 Concurrent Refinement Workers: 8
 Periodic GC: Disabled
Heap:
 garbage-first heap   total 343040K, used 237745K [0x0000000080000000, 0x0000000100000000)
  region size 1024K, 49 young (50176K), 3 survivors (3072K)
 Metaspace       used 99218K, committed 100352K, reserved 557056K
  class space    used 13935K, committed 14464K, reserved 425984K
GC Heap History (20 events):
Event: 21.872 GC heap before
{Heap before GC invocations=56 (full 0):
 garbage-first heap   total 265216K, used 184201K [0x0000000080000000, 0x0000000100000000)
  region size 1024K, 38 young (38912K), 5 survivors (5120K)
 Metaspace       used 92546K, committed 93632K, reserved 557056K
  class space    used 13098K, committed 13632K, reserved 425984K
}
Event: 21.876 GC heap after
{Heap after GC invocations=57 (full 0):
 garbage-first heap   total 265216K, used 152213K [0x0000000080000000, 0x0000000100000000)
  region size 1024K, 2 young (2048K), 2 survivors (2048K)
 Metaspace       used 92546K, committed 93632K, reserved 557056K
  class space    used 13098K, committed 13632K, reserved 425984K
}
Event: 22.016 GC heap before
{Heap before GC invocations=57 (full 0):
 garbage-first heap   total 265216K, used 162453K [0x0000000080000000, 0x0000000100000000)
  region size 1024K, 12 young (12288K), 2 survivors (2048K)
 Metaspace       used 93329K, committed 94400K, reserved 557056K
  class space    used 13203K, committed 13696K, reserved 425984K
}
Event: 22.019 GC heap after
{Heap after GC invocations=58 (full 0):
 garbage-first heap   total 265216K, used 152766K [0x0000000080000000, 0x0000000100000000)
  region size 1024K, 1 young (1024K), 1 survivors (1024K)
 Metaspace       used 93329K, committed 94400K, reserved 557056K
  class space    used 13203K, committed 13696K, reserved 425984K
}
Event: 22.682 GC heap before
{Heap before GC invocations=58 (full 0):
 garbage-first heap   total 265216K, used 206014K [0x0000000080000000, 0x0000000100000000)
  region size 1024K, 53 young (54272K), 1 survivors (1024K)
 Metaspace       used 96439K, committed 97472K, reserved 557056K
  class space    used 13581K, committed 14080K, reserved 425984K
}
Event: 22.687 GC heap after
{Heap after GC invocations=59 (full 0):
 garbage-first heap   total 265216K, used 158354K [0x0000000080000000, 0x0000000100000000)
  region size 1024K, 7 young (7168K), 7 survivors (7168K)
 Metaspace       used 96439K, committed 97472K, reserved 557056K
  class space    used 13581K, committed 14080K, reserved 425984K
}
Event: 23.147 GC heap before
{Heap before GC invocations=60 (full 0):
 garbage-first heap   total 285696K, used 208530K [0x0000000080000000, 0x0000000100000000)
  region size 1024K, 56 young (57344K), 7 survivors (7168K)
 Metaspace       used 97078K, committed 98176K, reserved 557056K
  class space    used 13639K, committed 14144K, reserved 425984K
}
Event: 23.154 GC heap after
{Heap after GC invocations=61 (full 0):
 garbage-first heap   total 285696K, used 163357K [0x0000000080000000, 0x0000000100000000)
  region size 1024K, 6 young (6144K), 6 survivors (6144K)
 Metaspace       used 97078K, committed 98176K, reserved 557056K
  class space    used 13639K, committed 14144K, reserved 425984K
}
Event: 23.206 GC heap before
{Heap before GC invocations=61 (full 0):
 garbage-first heap   total 285696K, used 170525K [0x0000000080000000, 0x0000000100000000)
  region size 1024K, 13 young (13312K), 6 survivors (6144K)
 Metaspace       used 97120K, committed 98176K, reserved 557056K
  class space    used 13640K, committed 14144K, reserved 425984K
}
Event: 23.210 GC heap after
{Heap after GC invocations=62 (full 0):
 garbage-first heap   total 285696K, used 163992K [0x0000000080000000, 0x0000000100000000)
  region size 1024K, 2 young (2048K), 2 survivors (2048K)
 Metaspace       used 97120K, committed 98176K, reserved 557056K
  class space    used 13640K, committed 14144K, reserved 425984K
}
Event: 23.790 GC heap before
{Heap before GC invocations=62 (full 0):
 garbage-first heap   total 285696K, used 225432K [0x0000000080000000, 0x0000000100000000)
  region size 1024K, 62 young (63488K), 2 survivors (2048K)
 Metaspace       used 98410K, committed 99584K, reserved 557056K
  class space    used 13855K, committed 14400K, reserved 425984K
}
Event: 23.795 GC heap after
{Heap after GC invocations=63 (full 0):
 garbage-first heap   total 285696K, used 168155K [0x0000000080000000, 0x0000000100000000)
  region size 1024K, 6 young (6144K), 6 survivors (6144K)
 Metaspace       used 98410K, committed 99584K, reserved 557056K
  class space    used 13855K, committed 14400K, reserved 425984K
}
Event: 24.253 GC heap before
{Heap before GC invocations=63 (full 0):
 garbage-first heap   total 285696K, used 228571K [0x0000000080000000, 0x0000000100000000)
  region size 1024K, 66 young (67584K), 6 survivors (6144K)
 Metaspace       used 98863K, committed 99968K, reserved 557056K
  class space    used 13903K, committed 14400K, reserved 425984K
}
Event: 24.260 GC heap after
{Heap after GC invocations=64 (full 0):
 garbage-first heap   total 285696K, used 174164K [0x0000000080000000, 0x0000000100000000)
  region size 1024K, 6 young (6144K), 6 survivors (6144K)
 Metaspace       used 98863K, committed 99968K, reserved 557056K
  class space    used 13903K, committed 14400K, reserved 425984K
}
Event: 24.813 GC heap before
{Heap before GC invocations=64 (full 0):
 garbage-first heap   total 285696K, used 236628K [0x0000000080000000, 0x0000000100000000)
  region size 1024K, 64 young (65536K), 6 survivors (6144K)
 Metaspace       used 98881K, committed 99968K, reserved 557056K
  class space    used 13904K, committed 14400K, reserved 425984K
}
Event: 24.819 GC heap after
{Heap after GC invocations=65 (full 0):
 garbage-first heap   total 285696K, used 178029K [0x0000000080000000, 0x0000000100000000)
  region size 1024K, 4 young (4096K), 4 survivors (4096K)
 Metaspace       used 98881K, committed 99968K, reserved 557056K
  class space    used 13904K, committed 14400K, reserved 425984K
}
Event: 24.916 GC heap before
{Heap before GC invocations=65 (full 0):
 garbage-first heap   total 285696K, used 185197K [0x0000000080000000, 0x0000000100000000)
  region size 1024K, 11 young (11264K), 4 survivors (4096K)
 Metaspace       used 98945K, committed 100032K, reserved 557056K
  class space    used 13906K, committed 14400K, reserved 425984K
}
Event: 24.920 GC heap after
{Heap after GC invocations=66 (full 0):
 garbage-first heap   total 285696K, used 180987K [0x0000000080000000, 0x0000000100000000)
  region size 1024K, 5 young (5120K), 5 survivors (5120K)
 Metaspace       used 98945K, committed 100032K, reserved 557056K
  class space    used 13906K, committed 14400K, reserved 425984K
}
Event: 25.140 GC heap before
{Heap before GC invocations=66 (full 0):
 garbage-first heap   total 285696K, used 205563K [0x0000000080000000, 0x0000000100000000)
  region size 1024K, 29 young (29696K), 5 survivors (5120K)
 Metaspace       used 99068K, committed 100224K, reserved 557056K
  class space    used 13924K, committed 14464K, reserved 425984K
}
Event: 25.145 GC heap after
{Heap after GC invocations=67 (full 0):
 garbage-first heap   total 343040K, used 180401K [0x0000000080000000, 0x0000000100000000)
  region size 1024K, 3 young (3072K), 3 survivors (3072K)
 Metaspace       used 99068K, committed 100224K, reserved 557056K
  class space    used 13924K, committed 14464K, reserved 425984K
}

