# JRE version: OpenJDK Runtime Environment Microsoft-8035246 (17.0.8+7) (build 17.0.8+7-LTS)
# Java VM: OpenJDK 64-Bit Server VM Microsoft-8035246 (17.0.8+7-LTS, mixed mode, sharing, tiered, compressed oops, compressed class ptrs, g1 gc, windows-amd64)
GC Precious Log:
 CPUs: 8 total, 8 available
 Memory: 15680M
 Large Page Support: Disabled
 NUMA Support: Disabled
 Compressed Oops: Enabled (32-bit)
 Heap Region Size: 1M
 Heap Min Capacity: 8M
 Heap Initial Capacity: 246M
 Heap Max Capacity: 2G
 Pre-touch: Disabled
 Parallel Workers: 8
 Concurrent Workers: 2
 Concurrent Refinement Workers: 8
 Periodic GC: Disabled
Heap:
 garbage-first heap   total 325632K, used 209786K [0x0000000080000000, 0x0000000100000000)
  region size 1024K, 42 young (43008K), 7 survivors (7168K)
 Metaspace       used 98900K, committed 99968K, reserved 557056K
  class space    used 13903K, committed 14400K, reserved 425984K
GC Heap History (20 events):
Event: 18.747 GC heap before
{Heap before GC invocations=46 (full 0):
 garbage-first heap   total 162816K, used 125101K [0x0000000080000000, 0x0000000100000000)
  region size 1024K, 39 young (39936K), 1 survivors (1024K)
 Metaspace       used 76866K, committed 77568K, reserved 557056K
  class space    used 10720K, committed 11072K, reserved 425984K
}
Event: 18.751 GC heap after
{Heap after GC invocations=47 (full 0):
 garbage-first heap   total 162816K, used 88823K [0x0000000080000000, 0x0000000100000000)
  region size 1024K, 4 young (4096K), 4 survivors (4096K)
 Metaspace       used 76866K, committed 77568K, reserved 557056K
  class space    used 10720K, committed 11072K, reserved 425984K
}
Event: 22.628 GC heap before
{Heap before GC invocations=48 (full 0):
 garbage-first heap   total 162816K, used 127735K [0x0000000080000000, 0x0000000100000000)
  region size 1024K, 42 young (43008K), 4 survivors (4096K)
 Metaspace       used 78820K, committed 79552K, reserved 557056K
  class space    used 11006K, committed 11392K, reserved 425984K
}
Event: 22.632 GC heap after
{Heap after GC invocations=49 (full 0):
 garbage-first heap   total 162816K, used 91004K [0x0000000080000000, 0x0000000100000000)
  region size 1024K, 5 young (5120K), 5 survivors (5120K)
 Metaspace       used 78820K, committed 79552K, reserved 557056K
  class space    used 11006K, committed 11392K, reserved 425984K
}
Event: 22.649 GC heap before
{Heap before GC invocations=49 (full 0):
 garbage-first heap   total 162816K, used 93052K [0x0000000080000000, 0x0000000100000000)
  region size 1024K, 7 young (7168K), 5 survivors (5120K)
 Metaspace       used 78937K, committed 79680K, reserved 557056K
  class space    used 11020K, committed 11392K, reserved 425984K
}
Event: 22.652 GC heap after
{Heap after GC invocations=50 (full 0):
 garbage-first heap   total 162816K, used 91170K [0x0000000080000000, 0x0000000100000000)
  region size 1024K, 1 young (1024K), 1 survivors (1024K)
 Metaspace       used 78937K, committed 79680K, reserved 557056K
  class space    used 11020K, committed 11392K, reserved 425984K
}
Event: 23.121 GC heap before
{Heap before GC invocations=50 (full 0):
 garbage-first heap   total 162816K, used 130082K [0x0000000080000000, 0x0000000100000000)
  region size 1024K, 39 young (39936K), 1 survivors (1024K)
 Metaspace       used 81517K, committed 82304K, reserved 557056K
  class space    used 11473K, committed 11840K, reserved 425984K
}
Event: 23.124 GC heap after
{Heap after GC invocations=51 (full 0):
 garbage-first heap   total 325632K, used 91669K [0x0000000080000000, 0x0000000100000000)
  region size 1024K, 2 young (2048K), 2 survivors (2048K)
 Metaspace       used 81517K, committed 82304K, reserved 557056K
  class space    used 11473K, committed 11840K, reserved 425984K
}
Event: 25.302 GC heap before
{Heap before GC invocations=51 (full 0):
 garbage-first heap   total 325632K, used 249365K [0x0000000080000000, 0x0000000100000000)
  region size 1024K, 153 young (156672K), 2 survivors (2048K)
 Metaspace       used 87752K, committed 88640K, reserved 557056K
  class space    used 12424K, committed 12864K, reserved 425984K
}
Event: 25.314 GC heap after
{Heap after GC invocations=52 (full 0):
 garbage-first heap   total 325632K, used 114010K [0x0000000080000000, 0x0000000100000000)
  region size 1024K, 19 young (19456K), 19 survivors (19456K)
 Metaspace       used 87752K, committed 88640K, reserved 557056K
  class space    used 12424K, committed 12864K, reserved 425984K
}
Event: 27.426 GC heap before
{Heap before GC invocations=52 (full 0):
 garbage-first heap   total 325632K, used 253274K [0x0000000080000000, 0x0000000100000000)
  region size 1024K, 150 young (153600K), 19 survivors (19456K)
 Metaspace       used 89587K, committed 90624K, reserved 557056K
  class space    used 12623K, committed 13120K, reserved 425984K
}
Event: 27.449 GC heap after
{Heap after GC invocations=53 (full 0):
 garbage-first heap   total 325632K, used 146567K [0x0000000080000000, 0x0000000100000000)
  region size 1024K, 19 young (19456K), 19 survivors (19456K)
 Metaspace       used 89587K, committed 90624K, reserved 557056K
  class space    used 12623K, committed 13120K, reserved 425984K
}
Event: 28.968 GC heap before
{Heap before GC invocations=53 (full 0):
 garbage-first heap   total 325632K, used 246919K [0x0000000080000000, 0x0000000100000000)
  region size 1024K, 117 young (119808K), 19 survivors (19456K)
 Metaspace       used 96284K, committed 97344K, reserved 557056K
  class space    used 13541K, committed 14016K, reserved 425984K
}
Event: 28.981 GC heap after
{Heap after GC invocations=54 (full 0):
 garbage-first heap   total 325632K, used 156773K [0x0000000080000000, 0x0000000100000000)
  region size 1024K, 9 young (9216K), 9 survivors (9216K)
 Metaspace       used 96284K, committed 97344K, reserved 557056K
  class space    used 13541K, committed 14016K, reserved 425984K
}
Event: 30.383 GC heap before
{Heap before GC invocations=55 (full 0):
 garbage-first heap   total 325632K, used 254053K [0x0000000080000000, 0x0000000100000000)
  region size 1024K, 104 young (106496K), 9 survivors (9216K)
 Metaspace       used 98214K, committed 99328K, reserved 557056K
  class space    used 13846K, committed 14400K, reserved 425984K
}
Event: 30.396 GC heap after
{Heap after GC invocations=56 (full 0):
 garbage-first heap   total 325632K, used 168389K [0x0000000080000000, 0x0000000100000000)
  region size 1024K, 11 young (11264K), 11 survivors (11264K)
 Metaspace       used 98214K, committed 99328K, reserved 557056K
  class space    used 13846K, committed 14400K, reserved 425984K
}
Event: 30.425 GC heap before
{Heap before GC invocations=56 (full 0):
 garbage-first heap   total 325632K, used 171461K [0x0000000080000000, 0x0000000100000000)
  region size 1024K, 15 young (15360K), 11 survivors (11264K)
 Metaspace       used 98245K, committed 99392K, reserved 557056K
  class space    used 13848K, committed 14400K, reserved 425984K
}
Event: 30.434 GC heap after
{Heap after GC invocations=57 (full 0):
 garbage-first heap   total 325632K, used 169440K [0x0000000080000000, 0x0000000100000000)
  region size 1024K, 2 young (2048K), 2 survivors (2048K)
 Metaspace       used 98245K, committed 99392K, reserved 557056K
  class space    used 13848K, committed 14400K, reserved 425984K
}
Event: 31.519 GC heap before
{Heap before GC invocations=57 (full 0):
 garbage-first heap   total 325632K, used 259552K [0x0000000080000000, 0x0000000100000000)
  region size 1024K, 90 young (92160K), 2 survivors (2048K)
 Metaspace       used 98898K, committed 99968K, reserved 557056K
  class space    used 13903K, committed 14400K, reserved 425984K
}
Event: 31.526 GC heap after
{Heap after GC invocations=58 (full 0):
 garbage-first heap   total 325632K, used 174970K [0x0000000080000000, 0x0000000100000000)
  region size 1024K, 7 young (7168K), 7 survivors (7168K)
 Metaspace       used 98898K, committed 99968K, reserved 557056K
  class space    used 13903K, committed 14400K, reserved 425984K
}

