# JRE version: OpenJDK Runtime Environment Microsoft-8035246 (17.0.8+7) (build 17.0.8+7-LTS)
# Java VM: OpenJDK 64-Bit Server VM Microsoft-8035246 (17.0.8+7-LTS, mixed mode, sharing, tiered, compressed oops, compressed class ptrs, g1 gc, windows-amd64)
GC Precious Log:
 CPUs: 8 total, 8 available
 Memory: 15680M
 Large Page Support: Disabled
 NUMA Support: Disabled
 Compressed Oops: Enabled (32-bit)
 Heap Region Size: 1M
 Heap Min Capacity: 8M
 Heap Initial Capacity: 246M
 Heap Max Capacity: 2G
 Pre-touch: Disabled
 Parallel Workers: 8
 Concurrent Workers: 2
 Concurrent Refinement Workers: 8
 Periodic GC: Disabled
Heap:
 garbage-first heap   total 244736K, used 208582K [0x0000000080000000, 0x0000000100000000)
  region size 1024K, 53 young (54272K), 4 survivors (4096K)
 Metaspace       used 97382K, committed 98304K, reserved 557056K
  class space    used 13692K, committed 14144K, reserved 425984K
GC Heap History (20 events):
Event: 20.015 GC heap before
{Heap before GC invocations=56 (full 0):
 garbage-first heap   total 173056K, used 116203K [0x0000000080000000, 0x0000000100000000)
  region size 1024K, 27 young (27648K), 6 survivors (6144K)
 Metaspace       used 85774K, committed 86592K, reserved 557056K
  class space    used 12096K, committed 12480K, reserved 425984K
}
Event: 20.020 GC heap after
{Heap after GC invocations=57 (full 0):
 garbage-first heap   total 173056K, used 97417K [0x0000000080000000, 0x0000000100000000)
  region size 1024K, 3 young (3072K), 3 survivors (3072K)
 Metaspace       used 85774K, committed 86592K, reserved 557056K
  class space    used 12096K, committed 12480K, reserved 425984K
}
Event: 20.714 GC heap before
{Heap before GC invocations=58 (full 0):
 garbage-first heap   total 174080K, used 145545K [0x0000000080000000, 0x0000000100000000)
  region size 1024K, 45 young (46080K), 3 survivors (3072K)
 Metaspace       used 86951K, committed 87744K, reserved 557056K
  class space    used 12296K, committed 12672K, reserved 425984K
}
Event: 20.720 GC heap after
{Heap after GC invocations=59 (full 0):
 garbage-first heap   total 174080K, used 111583K [0x0000000080000000, 0x0000000100000000)
  region size 1024K, 6 young (6144K), 6 survivors (6144K)
 Metaspace       used 86951K, committed 87744K, reserved 557056K
  class space    used 12296K, committed 12672K, reserved 425984K
}
Event: 20.856 GC heap before
{Heap before GC invocations=59 (full 0):
 garbage-first heap   total 174080K, used 121823K [0x0000000080000000, 0x0000000100000000)
  region size 1024K, 17 young (17408K), 6 survivors (6144K)
 Metaspace       used 87047K, committed 87872K, reserved 557056K
  class space    used 12300K, committed 12672K, reserved 425984K
}
Event: 20.859 GC heap after
{Heap after GC invocations=60 (full 0):
 garbage-first heap   total 174080K, used 112775K [0x0000000080000000, 0x0000000100000000)
  region size 1024K, 2 young (2048K), 2 survivors (2048K)
 Metaspace       used 87047K, committed 87872K, reserved 557056K
  class space    used 12300K, committed 12672K, reserved 425984K
}
Event: 21.323 GC heap before
{Heap before GC invocations=61 (full 0):
 garbage-first heap   total 203776K, used 146567K [0x0000000080000000, 0x0000000100000000)
  region size 1024K, 34 young (34816K), 2 survivors (2048K)
 Metaspace       used 88244K, committed 89088K, reserved 557056K
  class space    used 12455K, committed 12864K, reserved 425984K
}
Event: 21.331 GC heap after
{Heap after GC invocations=62 (full 0):
 garbage-first heap   total 244736K, used 121379K [0x0000000080000000, 0x0000000100000000)
  region size 1024K, 5 young (5120K), 5 survivors (5120K)
 Metaspace       used 88244K, committed 89088K, reserved 557056K
  class space    used 12455K, committed 12864K, reserved 425984K
}
Event: 21.446 GC heap before
{Heap before GC invocations=62 (full 0):
 garbage-first heap   total 244736K, used 127523K [0x0000000080000000, 0x0000000100000000)
  region size 1024K, 11 young (11264K), 5 survivors (5120K)
 Metaspace       used 88709K, committed 89536K, reserved 557056K
  class space    used 12521K, committed 12928K, reserved 425984K
}
Event: 21.449 GC heap after
{Heap after GC invocations=63 (full 0):
 garbage-first heap   total 244736K, used 121514K [0x0000000080000000, 0x0000000100000000)
  region size 1024K, 1 young (1024K), 1 survivors (1024K)
 Metaspace       used 88709K, committed 89536K, reserved 557056K
  class space    used 12521K, committed 12928K, reserved 425984K
}
Event: 22.270 GC heap before
{Heap before GC invocations=63 (full 0):
 garbage-first heap   total 244736K, used 174762K [0x0000000080000000, 0x0000000100000000)
  region size 1024K, 53 young (54272K), 1 survivors (1024K)
 Metaspace       used 93243K, committed 94144K, reserved 557056K
  class space    used 13153K, committed 13568K, reserved 425984K
}
Event: 22.274 GC heap after
{Heap after GC invocations=64 (full 0):
 garbage-first heap   total 244736K, used 125064K [0x0000000080000000, 0x0000000100000000)
  region size 1024K, 4 young (4096K), 4 survivors (4096K)
 Metaspace       used 93243K, committed 94144K, reserved 557056K
  class space    used 13153K, committed 13568K, reserved 425984K
}
Event: 22.807 GC heap before
{Heap before GC invocations=64 (full 0):
 garbage-first heap   total 244736K, used 180360K [0x0000000080000000, 0x0000000100000000)
  region size 1024K, 58 young (59392K), 4 survivors (4096K)
 Metaspace       used 95315K, committed 96192K, reserved 557056K
  class space    used 13401K, committed 13824K, reserved 425984K
}
Event: 22.812 GC heap after
{Heap after GC invocations=65 (full 0):
 garbage-first heap   total 244736K, used 129251K [0x0000000080000000, 0x0000000100000000)
  region size 1024K, 8 young (8192K), 8 survivors (8192K)
 Metaspace       used 95315K, committed 96192K, reserved 557056K
  class space    used 13401K, committed 13824K, reserved 425984K
}
Event: 23.344 GC heap before
{Heap before GC invocations=65 (full 0):
 garbage-first heap   total 244736K, used 184547K [0x0000000080000000, 0x0000000100000000)
  region size 1024K, 63 young (64512K), 8 survivors (8192K)
 Metaspace       used 96591K, committed 97472K, reserved 557056K
  class space    used 13614K, committed 14016K, reserved 425984K
}
Event: 23.353 GC heap after
{Heap after GC invocations=66 (full 0):
 garbage-first heap   total 244736K, used 134026K [0x0000000080000000, 0x0000000100000000)
  region size 1024K, 5 young (5120K), 5 survivors (5120K)
 Metaspace       used 96591K, committed 97472K, reserved 557056K
  class space    used 13614K, committed 14016K, reserved 425984K
}
Event: 23.865 GC heap before
{Heap before GC invocations=66 (full 0):
 garbage-first heap   total 244736K, used 189322K [0x0000000080000000, 0x0000000100000000)
  region size 1024K, 60 young (61440K), 5 survivors (5120K)
 Metaspace       used 97039K, committed 97984K, reserved 557056K
  class space    used 13668K, committed 14080K, reserved 425984K
}
Event: 23.871 GC heap after
{Heap after GC invocations=67 (full 0):
 garbage-first heap   total 244736K, used 139998K [0x0000000080000000, 0x0000000100000000)
  region size 1024K, 6 young (6144K), 6 survivors (6144K)
 Metaspace       used 97039K, committed 97984K, reserved 557056K
  class space    used 13668K, committed 14080K, reserved 425984K
}
Event: 24.566 GC heap before
{Heap before GC invocations=67 (full 0):
 garbage-first heap   total 244736K, used 202462K [0x0000000080000000, 0x0000000100000000)
  region size 1024K, 60 young (61440K), 6 survivors (6144K)
 Metaspace       used 97139K, committed 98048K, reserved 557056K
  class space    used 13671K, committed 14080K, reserved 425984K
}
Event: 24.573 GC heap after
{Heap after GC invocations=68 (full 0):
 garbage-first heap   total 244736K, used 144350K [0x0000000080000000, 0x0000000100000000)
  region size 1024K, 5 young (5120K), 5 survivors (5120K)
 Metaspace       used 97139K, committed 98048K, reserved 557056K
  class space    used 13671K, committed 14080K, reserved 425984K
}

